<?xml version="1.0" encoding="UTF-8"?>
<!-- Generated by org.testng.reporters.JUnitReportReporter -->
<testsuite hostname="DESKTOP-D3LGRP5" failures="0" tests="2" name="com.test_runner.TestRunner" time="9.965" errors="0" timestamp="01 Oct 2020 01:09:54 GMT" skipped="0">
  <testcase classname="com.test_runner.TestRunner" name="runScenario" time="1.110"/>
  <testcase classname="com.test_runner.TestRunner" name="runScenario" time="8.855"/>
</testsuite> <!-- com.test_runner.TestRunner -->
